c:\users\pc\desktop\jusin\textrpg\230309\debug\textrpg.pch
c:\users\pc\desktop\jusin\textrpg\230309\debug\vc143.pdb
c:\users\pc\desktop\jusin\textrpg\230309\debug\vc143.idb
c:\users\pc\desktop\jusin\textrpg\230309\debug\stdafx.obj
c:\users\pc\desktop\jusin\textrpg\230309\debug\ui.obj
c:\users\pc\desktop\jusin\textrpg\230309\debug\player.obj
c:\users\pc\desktop\jusin\textrpg\230309\debug\pet.obj
c:\users\pc\desktop\jusin\textrpg\230309\debug\observer.obj
c:\users\pc\desktop\jusin\textrpg\230309\debug\inventory.obj
c:\users\pc\desktop\jusin\textrpg\230309\debug\gamemanager.obj
c:\users\pc\desktop\jusin\textrpg\230309\debug\field.obj
c:\users\pc\desktop\jusin\textrpg\230309\debug\creature.obj
c:\users\pc\desktop\jusin\textrpg\230309\debug\basecreature.obj
c:\users\pc\desktop\jusin\textrpg\230309\debug\main.obj
c:\users\pc\desktop\jusin\textrpg\230309\debug\textrpg.ilk
c:\users\pc\desktop\jusin\textrpg\debug\textrpg.exe
c:\users\pc\desktop\jusin\textrpg\debug\textrpg.pdb
c:\users\pc\desktop\jusin\textrpg\230309\debug\textrpg.tlog\cl.command.1.tlog
c:\users\pc\desktop\jusin\textrpg\230309\debug\textrpg.tlog\cl.read.1.tlog
c:\users\pc\desktop\jusin\textrpg\230309\debug\textrpg.tlog\cl.write.1.tlog
c:\users\pc\desktop\jusin\textrpg\230309\debug\textrpg.tlog\link.command.1.tlog
c:\users\pc\desktop\jusin\textrpg\230309\debug\textrpg.tlog\link.read.1.tlog
c:\users\pc\desktop\jusin\textrpg\230309\debug\textrpg.tlog\link.write.1.tlog
